[0306/180411.792:ERROR:process_reader_win.cc(151)] SuspendThread: 拒绝访问。 (0x5)
[0306/180411.791:ERROR:process_reader_win.cc(151)] SuspendThread: 拒绝访问。 (0x5)
[0306/180411.791:ERROR:process_reader_win.cc(151)] SuspendThread: 拒绝访问。 (0x5)
[0306/180411.795:ERROR:process_reader_win.cc(151)] SuspendThread: 拒绝访问。 (0x5)
[0306/180411.795:ERROR:process_reader_win.cc(151)] SuspendThread: 拒绝访问。 (0x5)
[0306/180411.795:ERROR:process_reader_win.cc(151)] SuspendThread: 拒绝访问。 (0x5)
[0306/180411.795:ERROR:process_reader_win.cc(151)] SuspendThread: 拒绝访问。 (0x5)
[0306/180411.795:ERROR:process_reader_win.cc(151)] SuspendThread: 拒绝访问。 (0x5)
[0306/180411.796:ERROR:process_reader_win.cc(151)] SuspendThread: 拒绝访问。 (0x5)
[0306/180411.795:ERROR:process_reader_win.cc(151)] SuspendThread: 拒绝访问。 (0x5)
[0306/180411.796:ERROR:process_reader_win.cc(151)] SuspendThread: 拒绝访问。 (0x5)
[0306/180411.796:ERROR:process_reader_win.cc(151)] SuspendThread: 拒绝访问。 (0x5)
[0306/180411.796:ERROR:process_reader_win.cc(151)] SuspendThread: 拒绝访问。 (0x5)
[0306/180411.796:ERROR:process_reader_win.cc(151)] SuspendThread: 拒绝访问。 (0x5)
[0306/180411.796:ERROR:process_reader_win.cc(151)] SuspendThread: 拒绝访问。 (0x5)
[0306/180411.796:ERROR:process_reader_win.cc(151)] SuspendThread: 拒绝访问。 (0x5)
[0306/180411.796:ERROR:process_reader_win.cc(151)] SuspendThread: 拒绝访问。 (0x5)
[0306/180411.796:ERROR:process_reader_win.cc(151)] SuspendThread: 拒绝访问。 (0x5)
[0306/180411.796:ERROR:process_reader_win.cc(151)] SuspendThread: 拒绝访问。 (0x5)
[0306/180411.796:ERROR:process_reader_win.cc(151)] SuspendThread: 拒绝访问。 (0x5)
[0306/180411.796:ERROR:process_reader_win.cc(151)] SuspendThread: 拒绝访问。 (0x5)
[0306/180411.797:ERROR:exception_snapshot_win.cc(98)] thread ID 6060 not found in process
[0306/180411.796:ERROR:process_reader_win.cc(151)] SuspendThread: 拒绝访问。 (0x5)
[0306/180411.797:ERROR:process_reader_win.cc(151)] SuspendThread: 拒绝访问。 (0x5)
[0306/180411.797:ERROR:process_reader_win.cc(151)] SuspendThread: 拒绝访问。 (0x5)
[0306/180411.797:ERROR:process_reader_win.cc(151)] SuspendThread: 拒绝访问。 (0x5)
[0306/180411.797:ERROR:process_reader_win.cc(151)] SuspendThread: 拒绝访问。 (0x5)
[0306/180411.797:ERROR:process_reader_win.cc(151)] SuspendThread: 拒绝访问。 (0x5)
[0306/180411.797:ERROR:process_reader_win.cc(151)] SuspendThread: 拒绝访问。 (0x5)
[0306/180411.797:ERROR:process_reader_win.cc(151)] SuspendThread: 拒绝访问。 (0x5)
[0306/180411.797:ERROR:process_reader_win.cc(151)] SuspendThread: 拒绝访问。 (0x5)
[0306/180411.797:ERROR:process_reader_win.cc(151)] SuspendThread: 拒绝访问。 (0x5)
[0306/180411.797:ERROR:process_reader_win.cc(151)] SuspendThread: 拒绝访问。 (0x5)
[0306/180411.797:ERROR:exception_snapshot_win.cc(98)] thread ID 10812 not found in process
[0306/180411.797:ERROR:process_reader_win.cc(151)] SuspendThread: 拒绝访问。 (0x5)
[0306/180411.797:ERROR:process_reader_win.cc(151)] SuspendThread: 拒绝访问。 (0x5)
[0306/180411.798:ERROR:process_reader_win.cc(151)] SuspendThread: 拒绝访问。 (0x5)
[0306/180411.798:ERROR:process_reader_win.cc(151)] SuspendThread: 拒绝访问。 (0x5)
[0306/180411.798:ERROR:process_reader_win.cc(151)] SuspendThread: 拒绝访问。 (0x5)
[0306/180411.798:ERROR:exception_snapshot_win.cc(98)] thread ID 12608 not found in process
[0306/180411.796:ERROR:process_reader_win.cc(123)] NtOpenThread: 指定无效的客户端 ID。 (0xc000000b)
[0306/180411.801:ERROR:scoped_process_suspend.cc(31)] NtSuspendProcess: 已尝试访问正在退出的过程。 (0xc000010a)
[0306/180411.801:ERROR:scoped_process_suspend.cc(31)] NtSuspendProcess: 已尝试访问正在退出的过程。 (0xc000010a)
[0306/180411.801:ERROR:scoped_process_suspend.cc(31)] NtSuspendProcess: 已尝试访问正在退出的过程。 (0xc000010a)
[0306/180411.801:ERROR:scoped_process_suspend.cc(31)] NtSuspendProcess: 已尝试访问正在退出的过程。 (0xc000010a)
[0306/180411.801:ERROR:scoped_process_suspend.cc(31)] NtSuspendProcess: 已尝试访问正在退出的过程。 (0xc000010a)
[0306/180411.803:ERROR:exception_snapshot_win.cc(98)] thread ID 5328 not found in process
[0306/180411.803:ERROR:process_info.cc(118)] ReadProcessMemory bool __cdecl crashpad::(anonymous namespace)::ReadStruct(HANDLE, crashpad::WinVMAddress, T *) [T = crashpad::process_types::PEB<crashpad::process_types::internal::Traits64>]: 仅完成部分的 ReadProcessMemory 或 WriteProcessMemory 请求。 (0x12B)
[0306/180411.807:ERROR:process_info.cc(551)] ReadProcessData failed
[0306/180411.803:ERROR:process_info.cc(118)] ReadProcessMemory bool __cdecl crashpad::(anonymous namespace)::ReadStruct(HANDLE, crashpad::WinVMAddress, T *) [T = crashpad::process_types::PEB<crashpad::process_types::internal::Traits64>]: 仅完成部分的 ReadProcessMemory 或 WriteProcessMemory 请求。 (0x12B)
[0306/180411.807:ERROR:process_info.cc(551)] ReadProcessData failed
[0306/180411.803:ERROR:process_info.cc(118)] ReadProcessMemory bool __cdecl crashpad::(anonymous namespace)::ReadStruct(HANDLE, crashpad::WinVMAddress, T *) [T = crashpad::process_types::PEB<crashpad::process_types::internal::Traits64>]: 仅完成部分的 ReadProcessMemory 或 WriteProcessMemory 请求。 (0x12B)
[0306/180411.807:ERROR:process_info.cc(551)] ReadProcessData failed
[0306/180411.803:ERROR:process_info.cc(118)] ReadProcessMemory bool __cdecl crashpad::(anonymous namespace)::ReadStruct(HANDLE, crashpad::WinVMAddress, T *) [T = crashpad::process_types::PEB<crashpad::process_types::internal::Traits64>]: 仅完成部分的 ReadProcessMemory 或 WriteProcessMemory 请求。 (0x12B)
[0306/180411.807:ERROR:process_info.cc(551)] ReadProcessData failed
[0306/180411.803:ERROR:process_info.cc(118)] ReadProcessMemory bool __cdecl crashpad::(anonymous namespace)::ReadStruct(HANDLE, crashpad::WinVMAddress, T *) [T = crashpad::process_types::PEB<crashpad::process_types::internal::Traits64>]: 仅完成部分的 ReadProcessMemory 或 WriteProcessMemory 请求。 (0x12B)
[0306/180411.807:ERROR:process_info.cc(551)] ReadProcessData failed
[0306/180411.813:ERROR:process_reader_win.cc(151)] SuspendThread: 拒绝访问。 (0x5)
[0306/180411.813:ERROR:process_reader_win.cc(151)] SuspendThread: 拒绝访问。 (0x5)
[0306/180411.813:ERROR:process_reader_win.cc(151)] SuspendThread: 拒绝访问。 (0x5)
[0306/180411.813:ERROR:process_reader_win.cc(151)] SuspendThread: 拒绝访问。 (0x5)
[0306/180411.813:ERROR:process_reader_win.cc(151)] SuspendThread: 拒绝访问。 (0x5)
[0306/180411.813:ERROR:process_reader_win.cc(151)] SuspendThread: 拒绝访问。 (0x5)
[0306/180411.813:ERROR:process_reader_win.cc(151)] SuspendThread: 拒绝访问。 (0x5)
[0306/180411.813:ERROR:process_reader_win.cc(151)] SuspendThread: 拒绝访问。 (0x5)
[0306/180411.813:ERROR:process_reader_win.cc(151)] SuspendThread: 拒绝访问。 (0x5)
[0306/180411.813:ERROR:exception_snapshot_win.cc(98)] thread ID 9800 not found in process
[0306/180411.815:ERROR:process_reader_win.cc(151)] SuspendThread: 拒绝访问。 (0x5)
[0306/180411.815:ERROR:exception_snapshot_win.cc(98)] thread ID 10944 not found in process
[0306/180411.815:ERROR:scoped_process_suspend.cc(40)] NtResumeProcess: 已尝试访问正在退出的过程。 (0xc000010a)
[0306/180411.816:ERROR:process_info.cc(329)] VirtualQueryEx: 拒绝访问。 (0x5)
[0306/180411.816:ERROR:process_info.cc(556)] ReadMemoryInfo failed
[0306/180411.816:ERROR:scoped_process_suspend.cc(40)] NtResumeProcess: 已尝试访问正在退出的过程。 (0xc000010a)
[0306/180411.822:ERROR:process_reader_win.cc(151)] SuspendThread: 拒绝访问。 (0x5)
[0306/180411.822:ERROR:exception_snapshot_win.cc(98)] thread ID 6764 not found in process
[0306/180411.822:ERROR:scoped_process_suspend.cc(40)] NtResumeProcess: 已尝试访问正在退出的过程。 (0xc000010a)
[0306/180411.825:ERROR:process_reader_win.cc(151)] SuspendThread: 拒绝访问。 (0x5)
[0306/180411.825:ERROR:process_reader_win.cc(151)] SuspendThread: 拒绝访问。 (0x5)
[0306/180411.825:ERROR:process_reader_win.cc(151)] SuspendThread: 拒绝访问。 (0x5)
[0306/180411.825:ERROR:process_reader_win.cc(151)] SuspendThread: 拒绝访问。 (0x5)
[0306/180411.825:ERROR:process_reader_win.cc(151)] SuspendThread: 拒绝访问。 (0x5)
[0306/180411.825:ERROR:process_reader_win.cc(151)] SuspendThread: 拒绝访问。 (0x5)
[0306/180411.825:ERROR:process_reader_win.cc(151)] SuspendThread: 拒绝访问。 (0x5)
[0306/180411.825:ERROR:process_reader_win.cc(151)] SuspendThread: 拒绝访问。 (0x5)
[0306/180411.825:ERROR:process_reader_win.cc(151)] SuspendThread: 拒绝访问。 (0x5)
[0306/180411.825:ERROR:process_reader_win.cc(151)] SuspendThread: 拒绝访问。 (0x5)
[0306/180411.825:ERROR:exception_snapshot_win.cc(98)] thread ID 1824 not found in process
[0306/180411.827:ERROR:process_reader_win.cc(151)] SuspendThread: 拒绝访问。 (0x5)
[0306/180411.827:ERROR:process_reader_win.cc(151)] SuspendThread: 拒绝访问。 (0x5)
[0306/180411.827:ERROR:process_reader_win.cc(151)] SuspendThread: 拒绝访问。 (0x5)
[0306/180411.827:ERROR:process_reader_win.cc(151)] SuspendThread: 拒绝访问。 (0x5)
[0306/180411.827:ERROR:process_reader_win.cc(151)] SuspendThread: 拒绝访问。 (0x5)
[0306/180411.827:ERROR:process_reader_win.cc(151)] SuspendThread: 拒绝访问。 (0x5)
[0306/180411.827:ERROR:process_reader_win.cc(151)] SuspendThread: 拒绝访问。 (0x5)
[0306/180411.827:ERROR:process_reader_win.cc(151)] SuspendThread: 拒绝访问。 (0x5)
[0306/180411.827:ERROR:process_reader_win.cc(151)] SuspendThread: 拒绝访问。 (0x5)
[0306/180411.827:ERROR:exception_snapshot_win.cc(98)] thread ID 17068 not found in process
[0306/180411.827:ERROR:exception_snapshot_win.cc(98)] thread ID 15068 not found in process
[0306/180411.834:ERROR:process_reader_win.cc(151)] SuspendThread: 拒绝访问。 (0x5)
[0306/180411.834:ERROR:exception_snapshot_win.cc(98)] thread ID 6188 not found in process
[0306/180411.835:ERROR:process_reader_win.cc(151)] SuspendThread: 拒绝访问。 (0x5)
[0306/180411.835:ERROR:exception_snapshot_win.cc(98)] thread ID 9308 not found in process
[0306/180411.836:ERROR:process_reader_win.cc(151)] SuspendThread: 拒绝访问。 (0x5)
[0306/180411.836:ERROR:process_reader_win.cc(151)] SuspendThread: 拒绝访问。 (0x5)
[0306/180411.836:ERROR:process_reader_win.cc(151)] SuspendThread: 拒绝访问。 (0x5)
[0306/180411.836:ERROR:process_reader_win.cc(151)] SuspendThread: 拒绝访问。 (0x5)
[0306/180411.836:ERROR:process_reader_win.cc(151)] SuspendThread: 拒绝访问。 (0x5)
[0306/180411.836:ERROR:process_reader_win.cc(151)] SuspendThread: 拒绝访问。 (0x5)
[0306/180411.836:ERROR:process_reader_win.cc(151)] SuspendThread: 拒绝访问。 (0x5)
[0306/180411.836:ERROR:process_reader_win.cc(151)] SuspendThread: 拒绝访问。 (0x5)
[0306/180411.836:ERROR:process_reader_win.cc(151)] SuspendThread: 拒绝访问。 (0x5)
[0306/180411.836:ERROR:exception_snapshot_win.cc(98)] thread ID 5424 not found in process
[0306/180411.839:ERROR:process_reader_win.cc(151)] SuspendThread: 拒绝访问。 (0x5)
[0306/180411.839:ERROR:exception_snapshot_win.cc(98)] thread ID 14328 not found in process
